[info] - 2023-12-19T16:02:40.128Z : Aucune salle de classe trouvée
[error] - 2023-12-19T16:03:55.032Z : Erreur lors de la création de la salle de classe
[error] - 2023-12-19T16:05:58.310Z : Erreur lors de la création de la salle de classe
[error] - 2023-12-19T16:13:12.907Z : Erreur lors de la création de la salle de classe
[error] - 2023-12-19T16:15:02.528Z : Erreur lors de la création de la salle de classe
[error] - 2023-12-19T16:21:32.042Z : Erreur lors de la création de la salle de classe
[error] - 2023-12-19T16:27:24.190Z : Erreur lors de la création de la salle de classe
[error] - 2023-12-19T16:29:41.462Z : Erreur lors de la création de la salle de classe
[error] - 2023-12-19T16:30:39.408Z : Erreur lors de la création de la salle de classe
[info] - 2023-12-19T16:33:28.054Z : Salle de classe bien créée
[info] - 2023-12-19T16:34:23.494Z : Salle de classe bien créée
[error] - 2023-12-19T16:35:32.206Z : Erreur lors de la création de la salle de classe
[info] - 2023-12-19T16:37:17.372Z : Salle de classe bien créée
[info] - 2024-01-02T08:34:10.440Z : Liste de salles de classe bien retournée
[info] - 2024-01-02T08:34:50.349Z : Aucune salle de classe trouvée
[info] - 2024-01-02T08:34:56.565Z : Salle de classe bien créée
[info] - 2024-01-02T08:35:06.707Z : Liste de salles de classe bien retournée
[info] - 2024-01-02T08:38:34.706Z : Liste de salles de classe bien retournée
[info] - 2024-01-02T08:38:42.965Z : Salle de classe bien créée
[info] - 2024-01-02T08:38:42.973Z : Liste de salles de classe bien retournée
[info] - 2024-01-02T08:55:48.593Z : Salle de classe bien récupérer
[info] - 2024-01-02T08:56:59.442Z : Salle de classe bien récupérer
[info] - 2024-01-02T08:57:10.563Z : Salle de classe bien récupérer
[info] - 2024-01-02T08:57:18.283Z : Salle de classe bien créée
[info] - 2024-01-02T08:57:18.292Z : Salle de classe bien récupérer
[info] - 2024-01-02T08:57:19.994Z : Salle de classe bien récupérer
[info] - 2024-01-02T08:58:06.958Z : Salle de classe bien récupérer
[info] - 2024-01-02T08:58:10.174Z : Salle de classe bien récupérer
[info] - 2024-01-02T08:58:11.251Z : Salle de classe bien récupérer
[info] - 2024-01-02T08:58:11.799Z : Salle de classe bien récupérer
[info] - 2024-01-02T08:58:11.965Z : Salle de classe bien récupérer
[info] - 2024-01-02T08:58:12.179Z : Salle de classe bien récupérer
[info] - 2024-01-02T08:58:17.228Z : Salle de classe bien récupérer
[info] - 2024-01-02T08:58:57.580Z : Liste de salles de classe bien retournée
[info] - 2024-01-02T09:05:30.713Z : Liste de salles de classe bien retournée
[info] - 2024-01-02T11:11:21.859Z : Aucune salle de classe trouvée
[info] - 2024-01-02T11:12:33.397Z : Salle de classe bien créée
[info] - 2024-01-02T11:12:33.420Z : Liste de salles de classe bien retournée
[info] - 2024-01-02T15:33:05.533Z : Liste de salles de classe bien retournée
[info] - 2024-01-02T15:33:29.254Z : Liste de salles de classe bien retournée
